<?xml version="1.0" encoding="UTF-8"?>
<!-- Generated by org.testng.reporters.JUnitReportReporter -->
<testsuite skipped="0" hostname="IN-6620GC2" name="com.easybix.Issue.CreateIssue" tests="1" failures="0" timestamp="09 Dec 2017 15:59:29 GMT" time="1.584" errors="0">
  <testcase name="createIssue" time="1.584" classname="com.easybix.Issue.CreateIssue"/>
</testsuite> <!-- com.easybix.Issue.CreateIssue -->
