<?xml version="1.0" encoding="UTF-8"?>
<!-- Generated by org.testng.reporters.JUnitReportReporter -->
<testsuite skipped="0" hostname="IN-6620GC2" name="com.easybix.RestAssuredCore.LoginTest" tests="1" failures="0" timestamp="09 Dec 2017 14:29:38 GMT" time="1.346" errors="0">
  <testcase name="doLogin" time="1.346" classname="com.easybix.RestAssuredCore.LoginTest"/>
</testsuite> <!-- com.easybix.RestAssuredCore.LoginTest -->
